#
# There is insufficient memory for the Java Runtime Environment to continue.
# Native memory allocation (mmap) failed to map 1048576 bytes for G1 virtual space
# Possible reasons:
#   The system is out of physical RAM or swap space
#   The process is running with CompressedOops enabled, and the Java Heap may be blocking the growth of the native heap
# Possible solutions:
#   Reduce memory load on the system
#   Increase physical memory or swap space
#   Check if swap backing store is full
#   Decrease Java heap size (-Xmx/-Xms)
#   Decrease number of Java threads
#   Decrease Java thread stack sizes (-Xss)
#   Set larger code cache with -XX:ReservedCodeCacheSize=
#   JVM is running with Unscaled Compressed Oops mode in which the Java heap is
#     placed in the first 4GB address space. The Java Heap base address is the
#     maximum limit for the native heap growth. Please use -XX:HeapBaseMinAddress
#     to set the Java Heap base and to place the Java Heap above 4GB virtual address.
# This output file may be truncated or incomplete.
#
#  Out of Memory Error (os_windows.cpp:3466), pid=11008, tid=18300
#
# JRE version:  (16.0.1+9) (build )
# Java VM: Java HotSpot(TM) 64-Bit Server VM (16.0.1+9-24, mixed mode, sharing, tiered, compressed oops, compressed class ptrs, g1 gc, windows-amd64)
# No core dump will be written. Minidumps are not enabled by default on client versions of Windows
#

---------------  S U M M A R Y ------------

Command Line: PrincipalSistema

Host: Intel(R) Core(TM) i5-7200U CPU @ 2.50GHz, 4 cores, 3G,  Windows 10 , 64 bit Build 19041 (10.0.19041.1806)
Time: Wed Aug 10 14:37:24 2022 Hora oficial do Brasil elapsed time: 0.012611 seconds (0d 0h 0m 0s)

---------------  T H R E A D  ---------------

Current thread (0x000002cc50c0a080):  JavaThread "Unknown thread" [_thread_in_vm, id=18300, stack(0x000000ed5d600000,0x000000ed5d700000)]

Stack: [0x000000ed5d600000,0x000000ed5d700000]
Native frames: (J=compiled Java code, j=interpreted, Vv=VM code, C=native code)
V  [jvm.dll+0x6687ca]
V  [jvm.dll+0x7ca3c9]
V  [jvm.dll+0x7cbb53]
V  [jvm.dll+0x7cc1b3]
V  [jvm.dll+0x242ea5]
V  [jvm.dll+0x665589]
V  [jvm.dll+0x65a175]
V  [jvm.dll+0x2fc5ab]
V  [jvm.dll+0x3037a6]
V  [jvm.dll+0x353003]
V  [jvm.dll+0x35321f]
V  [jvm.dll+0x2d3618]
V  [jvm.dll+0x2d4854]
V  [jvm.dll+0x79ccb1]
V  [jvm.dll+0x360de1]
V  [jvm.dll+0x77a990]
V  [jvm.dll+0x3e55af]
V  [jvm.dll+0x3e7081]
C  [jli.dll+0x52fb]
C  [ucrtbase.dll+0x21bb2]
C  [KERNEL32.DLL+0x17034]
C  [ntdll.dll+0x52651]


---------------  P R O C E S S  ---------------

Threads class SMR info:
_java_thread_list=0x00007fff3c12cbb8, length=0, elements={
}

Java Threads: ( => current thread )

Other Threads:
  0x000002cc50c39040 GCTaskThread "GC Thread#0" [stack: 0x000000ed5d700000,0x000000ed5d800000] [id=24148]
  0x000002cc50c41d40 ConcurrentGCThread "G1 Main Marker" [stack: 0x000000ed5d800000,0x000000ed5d900000] [id=13472]
  0x000002cc50c43f60 ConcurrentGCThread "G1 Conc#0" [stack: 0x000000ed5d900000,0x000000ed5da00000] [id=7236]

[error occurred during error reporting (printing all threads), id 0xc0000005, EXCEPTION_ACCESS_VIOLATION (0xc0000005) at pc=0x00007fff3b9044d7]

VM state: not at safepoint (not fully initialized)

VM Mutex/Monitor currently owned by a thread:  ([mutex/lock_event])
[0x000002cc50c04d70] Heap_lock - owner thread: 0x000002cc50c0a080

Heap address: 0x00000000c1e00000, size: 994 MB, Compressed Oops mode: 32-bit

CDS archive(s) mapped at: [0x0000000000000000-0x0000000000000000-0x0000000000000000), size 0, SharedBaseAddress: 0x0000000800000000, ArchiveRelocationMode: 0.
Narrow klass base: 0x0000000000000000, Narrow klass shift: 0, Narrow klass range: 0x0

GC Precious Log:
<Empty>

Heap:
 garbage-first heap   total 0K, used 0K [0x00000000c1e00000, 0x0000000100000000)
  region size 1024K, 0 young (0K), 0 survivors (0K)

[error occurred during error reporting (printing heap information), id 0xc0000005, EXCEPTION_ACCESS_VIOLATION (0xc0000005) at pc=0x00007fff3bce24ed]

GC Heap History (0 events):
No events

Deoptimization events (0 events):
No events

Classes unloaded (0 events):
No events

Classes redefined (0 events):
No events

Internal exceptions (0 events):
No events

Events (1 events):
Event: 0.008 Loaded shared library C:\Program Files\Java\jdk-16.0.1\bin\java.dll


Dynamic libraries:
0x00007ff6b4880000 - 0x00007ff6b4890000 	C:\Program Files\Java\jdk-16.0.1\bin\java.exe
0x00007fff9ed50000 - 0x00007fff9ef48000 	C:\Windows\SYSTEM32\ntdll.dll
0x00007fff9d6d0000 - 0x00007fff9d78d000 	C:\Windows\System32\KERNEL32.DLL
0x00007fff9c600000 - 0x00007fff9c8ce000 	C:\Windows\System32\KERNELBASE.dll
0x00007fff96620000 - 0x00007fff96639000 	C:\Program Files\Java\jdk-16.0.1\bin\VCRUNTIME140.dll
0x00007fff9cba0000 - 0x00007fff9cca0000 	C:\Windows\System32\ucrtbase.dll
0x00007fff96440000 - 0x00007fff96458000 	C:\Program Files\Java\jdk-16.0.1\bin\jli.dll
0x00007fff9d500000 - 0x00007fff9d5ae000 	C:\Windows\System32\ADVAPI32.dll
0x00007fff9d5b0000 - 0x00007fff9d64e000 	C:\Windows\System32\msvcrt.dll
0x00007fff9e880000 - 0x00007fff9e91c000 	C:\Windows\System32\sechost.dll
0x00007fff9eb70000 - 0x00007fff9ec95000 	C:\Windows\System32\RPCRT4.dll
0x00007fff86250000 - 0x00007fff864ea000 	C:\Windows\WinSxS\amd64_microsoft.windows.common-controls_6595b64144ccf1df_6.0.19041.1110_none_60b5254171f9507e\COMCTL32.dll
0x00007fff9d870000 - 0x00007fff9da10000 	C:\Windows\System32\USER32.dll
0x00007fff9ea10000 - 0x00007fff9ea3a000 	C:\Windows\System32\GDI32.dll
0x00007fff9c5d0000 - 0x00007fff9c5f2000 	C:\Windows\System32\win32u.dll
0x00007fff9cca0000 - 0x00007fff9cdab000 	C:\Windows\System32\gdi32full.dll
0x00007fff95bf0000 - 0x00007fff95bfa000 	C:\Windows\SYSTEM32\VERSION.dll
0x00007fff9c530000 - 0x00007fff9c5cd000 	C:\Windows\System32\msvcp_win.dll
0x00007fff9dcc0000 - 0x00007fff9dcf0000 	C:\Windows\System32\IMM32.DLL
0x00007fff96610000 - 0x00007fff9661c000 	C:\Program Files\Java\jdk-16.0.1\bin\vcruntime140_1.dll
0x00007fff84c50000 - 0x00007fff84ce1000 	C:\Program Files\Java\jdk-16.0.1\bin\msvcp140.dll
0x00007fff3b620000 - 0x00007fff3c1cb000 	C:\Program Files\Java\jdk-16.0.1\bin\server\jvm.dll
0x00007fff9ed00000 - 0x00007fff9ed08000 	C:\Windows\System32\PSAPI.DLL
0x00007fff96640000 - 0x00007fff96649000 	C:\Windows\SYSTEM32\WSOCK32.dll
0x00007fff86170000 - 0x00007fff86197000 	C:\Windows\SYSTEM32\WINMM.dll
0x00007fff9e9a0000 - 0x00007fff9ea0b000 	C:\Windows\System32\WS2_32.dll
0x00007fff9a370000 - 0x00007fff9a382000 	C:\Windows\SYSTEM32\kernel.appcore.dll
0x00007fff965f0000 - 0x00007fff965fa000 	C:\Program Files\Java\jdk-16.0.1\bin\jimage.dll
0x00007fff93c70000 - 0x00007fff93e54000 	C:\Windows\SYSTEM32\DBGHELP.DLL
0x00007fff93bc0000 - 0x00007fff93bec000 	C:\Windows\SYSTEM32\dbgcore.DLL
0x00007fff9cb10000 - 0x00007fff9cb92000 	C:\Windows\System32\bcryptPrimitives.dll
0x00007fff962b0000 - 0x00007fff962d5000 	C:\Program Files\Java\jdk-16.0.1\bin\java.dll

dbghelp: loaded successfully - version: 4.0.5 - missing functions: none
symbol engine: initialized successfully - sym options: 0x614 - pdb path: .;C:\Program Files\Java\jdk-16.0.1\bin;C:\Windows\SYSTEM32;C:\Windows\WinSxS\amd64_microsoft.windows.common-controls_6595b64144ccf1df_6.0.19041.1110_none_60b5254171f9507e;C:\Program Files\Java\jdk-16.0.1\bin\server

VM Arguments:
java_command: PrincipalSistema
java_class_path (initial): D:\julio\OneDrive\Documentos\NetBeansProjects\TrabalhoSistemadeCadastroUniversidade\target\classes
Launcher Type: SUN_STANDARD

[Global flags]
     intx CICompilerCount                          = 3                                         {product} {ergonomic}
     uint ConcGCThreads                            = 1                                         {product} {ergonomic}
     uint G1ConcRefinementThreads                  = 4                                         {product} {ergonomic}
   size_t G1HeapRegionSize                         = 1048576                                   {product} {ergonomic}
    uintx GCDrainStackTargetSize                   = 64                                        {product} {ergonomic}
   size_t InitialHeapSize                          = 67108864                                  {product} {ergonomic}
   size_t MarkStackSize                            = 4194304                                   {product} {ergonomic}
   size_t MaxHeapSize                              = 1042284544                                {product} {ergonomic}
   size_t MinHeapDeltaBytes                        = 1048576                                   {product} {ergonomic}
   size_t MinHeapSize                              = 8388608                                   {product} {ergonomic}
    uintx NonNMethodCodeHeapSize                   = 5832780                                {pd product} {ergonomic}
    uintx NonProfiledCodeHeapSize                  = 122912730                              {pd product} {ergonomic}
    uintx ProfiledCodeHeapSize                     = 122912730                              {pd product} {ergonomic}
    uintx ReservedCodeCacheSize                    = 251658240                              {pd product} {ergonomic}
     bool SegmentedCodeCache                       = true                                      {product} {ergonomic}
   size_t SoftMaxHeapSize                          = 1042284544                             {manageable} {ergonomic}
     bool UseCompressedClassPointers               = true                           {product lp64_product} {ergonomic}
     bool UseCompressedOops                        = true                           {product lp64_product} {ergonomic}
     bool UseG1GC                                  = true                                      {product} {ergonomic}
     bool UseLargePagesIndividualAllocation        = false                                  {pd product} {ergonomic}

Logging:
Log output configuration:
 #0: stdout all=warning uptime,level,tags
 #1: stderr all=off uptime,level,tags

Environment Variables:
JAVA_HOME=C:\Program Files\Java\jdk-16.0.1
PATH=C:\ProgramData\Oracle\Java\javapath;C:\Program Files\Common Files\Oracle\Java\javapath;C:\Program Files (x86)\Common Files\Oracle\Java\javapath;C:\Windows\system32;C:\Windows;C:\Windows\System32\Wbem;C:\Windows\System32\WindowsPowerShell\v1.0\;C:\Windows\System32\OpenSSH\;C:\Users\julio\AppData\Local\Microsoft\WindowsApps;;C:\Users\julio\AppData\Local\Programs\Microsoft VS Code\bin
USERNAME=julio
OS=Windows_NT
PROCESSOR_IDENTIFIER=Intel64 Family 6 Model 142 Stepping 9, GenuineIntel



---------------  S Y S T E M  ---------------

OS:
 Windows 10 , 64 bit Build 19041 (10.0.19041.1806)
OS uptime: 23 days 14:06 hours

CPU: total 4 (initial active 4) (2 cores per cpu, 2 threads per core) family 6 model 142 stepping 9 microcode 0xb4, cx8, cmov, fxsr, ht, mmx, 3dnowpref, sse, sse2, sse3, ssse3, sse4.1, sse4.2, popcnt, lzcnt, tsc, tscinvbit, avx, avx2, aes, erms, clmul, bmi1, bmi2, adx, fma, vzeroupper, clflush, clflushopt

Memory: 4k page, system-wide physical 3971M (358M free)
TotalPageFile size 16259M (AvailPageFile size 4M)
current process WorkingSet (physical memory assigned to process): 9M, peak: 9M
current process commit charge ("private bytes"): 115M, peak: 116M

vm_info: Java HotSpot(TM) 64-Bit Server VM (16.0.1+9-24) for windows-amd64 JRE (16.0.1+9-24), built on Mar 26 2021 19:31:42 by "mach5one" with MS VC++ 16.7 (VS2019)

END.
