#
# There is insufficient memory for the Java Runtime Environment to continue.
# Native memory allocation (malloc) failed to allocate 374016 bytes for Chunk::new
# Possible reasons:
#   The system is out of physical RAM or swap space
#   The process is running with CompressedOops enabled, and the Java Heap may be blocking the growth of the native heap
# Possible solutions:
#   Reduce memory load on the system
#   Increase physical memory or swap space
#   Check if swap backing store is full
#   Decrease Java heap size (-Xmx/-Xms)
#   Decrease number of Java threads
#   Decrease Java thread stack sizes (-Xss)
#   Set larger code cache with -XX:ReservedCodeCacheSize=
#   JVM is running with Unscaled Compressed Oops mode in which the Java heap is
#     placed in the first 4GB address space. The Java Heap base address is the
#     maximum limit for the native heap growth. Please use -XX:HeapBaseMinAddress
#     to set the Java Heap base and to place the Java Heap above 4GB virtual address.
# This output file may be truncated or incomplete.
#
#  Out of Memory Error (arena.cpp:195), pid=5508, tid=22828
#
# JRE version: Java(TM) SE Runtime Environment (16.0.1+9) (build 16.0.1+9-24)
# Java VM: Java HotSpot(TM) 64-Bit Server VM (16.0.1+9-24, mixed mode, sharing, tiered, compressed oops, compressed class ptrs, g1 gc, windows-amd64)
# No core dump will be written. Minidumps are not enabled by default on client versions of Windows
#

---------------  S U M M A R Y ------------

Command Line: -Dclassworlds.conf=C:\Program Files\NetBeans-12.5\netbeans\java\maven\bin\..\bin\m2.conf -Dmaven.home=C:\Program Files\NetBeans-12.5\netbeans\java\maven\bin\.. -Dlibrary.jansi.path=C:\Program Files\NetBeans-12.5\netbeans\java\maven\bin\..\lib\jansi-native -Dmaven.multiModuleProjectDirectory=D:\julio\OneDrive\Documentos\NetBeansProjects\TrabalhoSistemadeCadastroUniversidade org.codehaus.plexus.classworlds.launcher.Launcher -Dexec.vmArgs= -Dexec.args=${exec.vmArgs} -classpath %classpath ${exec.mainClass} ${exec.appArgs} -Dexec.executable=C:\Program Files\Java\jdk-16.0.1\bin\java.exe -Dexec.mainClass=PrincipalSistema -Dexec.classpathScope=runtime -Dexec.appArgs= -Dmaven.ext.class.path=C:\Program Files\NetBeans-12.5\netbeans\java\maven-nblib\netbeans-eventspy.jar -Dfile.encoding=UTF-8 org.codehaus.mojo:exec-maven-plugin:3.0.0:exec

Host: Intel(R) Core(TM) i5-7200U CPU @ 2.50GHz, 4 cores, 3G,  Windows 10 , 64 bit Build 19041 (10.0.19041.1806)
Time: Wed Aug 10 12:03:43 2022 Hora oficial do Brasil elapsed time: 0.719296 seconds (0d 0h 0m 0s)

---------------  T H R E A D  ---------------

Current thread (0x0000023593040d00):  JavaThread "C2 CompilerThread0" daemon [_thread_in_native, id=22828, stack(0x0000009f67700000,0x0000009f67800000)]


Current CompileTask:
C2:    719  632   !   4       java.util.zip.ZipFile::getEntry (59 bytes)

Stack: [0x0000009f67700000,0x0000009f67800000]
Native frames: (J=compiled Java code, j=interpreted, Vv=VM code, C=native code)
V  [jvm.dll+0x6687ca]
V  [jvm.dll+0x7ca3c9]
V  [jvm.dll+0x7cbb53]
V  [jvm.dll+0x7cc1b3]
V  [jvm.dll+0x242ea5]
V  [jvm.dll+0xadeca]
V  [jvm.dll+0xae5ac]
V  [jvm.dll+0x35af27]
V  [jvm.dll+0x3253d1]
V  [jvm.dll+0x32487a]
V  [jvm.dll+0x215f3c]
V  [jvm.dll+0x215350]
V  [jvm.dll+0x1a1d9b]
V  [jvm.dll+0x2253a8]
V  [jvm.dll+0x2233ec]
V  [jvm.dll+0x780002]
V  [jvm.dll+0x779b4a]
V  [jvm.dll+0x667666]
C  [ucrtbase.dll+0x21bb2]
C  [KERNEL32.DLL+0x17034]
C  [ntdll.dll+0x52651]


---------------  P R O C E S S  ---------------

Threads class SMR info:
_java_thread_list=0x0000023593c42fe0, length=12, elements={
0x00000235f5d1e400, 0x0000023593018920, 0x00000235930196f0, 0x000002359302db80,
0x000002359302f6a0, 0x0000023593031fc0, 0x0000023593035360, 0x0000023593040d00,
0x000002359304b330, 0x0000023593055890, 0x0000023593c5d1a0, 0x0000023593c5ec30
}

Java Threads: ( => current thread )
  0x00000235f5d1e400 JavaThread "main" [_thread_in_vm, id=14876, stack(0x0000009f66a00000,0x0000009f66b00000)]
  0x0000023593018920 JavaThread "Reference Handler" daemon [_thread_blocked, id=10792, stack(0x0000009f67100000,0x0000009f67200000)]
  0x00000235930196f0 JavaThread "Finalizer" daemon [_thread_blocked, id=20124, stack(0x0000009f67200000,0x0000009f67300000)]
  0x000002359302db80 JavaThread "Signal Dispatcher" daemon [_thread_blocked, id=12760, stack(0x0000009f67300000,0x0000009f67400000)]
  0x000002359302f6a0 JavaThread "Attach Listener" daemon [_thread_blocked, id=14132, stack(0x0000009f67400000,0x0000009f67500000)]
  0x0000023593031fc0 JavaThread "Service Thread" daemon [_thread_blocked, id=12744, stack(0x0000009f67500000,0x0000009f67600000)]
  0x0000023593035360 JavaThread "Monitor Deflation Thread" daemon [_thread_blocked, id=2896, stack(0x0000009f67600000,0x0000009f67700000)]
=>0x0000023593040d00 JavaThread "C2 CompilerThread0" daemon [_thread_in_native, id=22828, stack(0x0000009f67700000,0x0000009f67800000)]
  0x000002359304b330 JavaThread "C1 CompilerThread0" daemon [_thread_in_native, id=23868, stack(0x0000009f67800000,0x0000009f67900000)]
  0x0000023593055890 JavaThread "Sweeper thread" daemon [_thread_blocked, id=23412, stack(0x0000009f67900000,0x0000009f67a00000)]
  0x0000023593c5d1a0 JavaThread "Notification Thread" daemon [_thread_blocked, id=18428, stack(0x0000009f67a00000,0x0000009f67b00000)]
  0x0000023593c5ec30 JavaThread "Common-Cleaner" daemon [_thread_blocked, id=4256, stack(0x0000009f67c00000,0x0000009f67d00000)]

Other Threads:
  0x0000023593013ed0 VMThread "VM Thread" [stack: 0x0000009f67000000,0x0000009f67100000] [id=3212]
  0x0000023593c61c20 WatcherThread [stack: 0x0000009f67b00000,0x0000009f67c00000] [id=20888]
  0x00000235f7e5ddc0 GCTaskThread "GC Thread#0" [stack: 0x0000009f66b00000,0x0000009f66c00000] [id=23764]
  0x00000235f7e66950 ConcurrentGCThread "G1 Main Marker" [stack: 0x0000009f66c00000,0x0000009f66d00000] [id=8852]
  0x00000235f7e67a70 ConcurrentGCThread "G1 Conc#0" [stack: 0x0000009f66d00000,0x0000009f66e00000] [id=22652]
  0x00000235f7eb6f40 ConcurrentGCThread "G1 Refine#0" [stack: 0x0000009f66e00000,0x0000009f66f00000] [id=14860]
  0x00000235f7eb78d0 ConcurrentGCThread "G1 Service" [stack: 0x0000009f66f00000,0x0000009f67000000] [id=17736]

Threads with active compile tasks:
C2 CompilerThread0      781  632   !   4       java.util.zip.ZipFile::getEntry (59 bytes)

VM state: not at safepoint (normal execution)

VM Mutex/Monitor currently owned by a thread: None

Heap address: 0x00000000c1e00000, size: 994 MB, Compressed Oops mode: 32-bit

CDS archive(s) mapped at: [0x0000000800000000-0x0000000800bb0000-0x0000000800bb0000), size 12255232, SharedBaseAddress: 0x0000000800000000, ArchiveRelocationMode: 0.
Compressed class space mapped at: 0x0000000800c00000-0x0000000840c00000, reserved size: 1073741824
Narrow klass base: 0x0000000800000000, Narrow klass shift: 3, Narrow klass range: 0x100000000

GC Precious Log:
 CPUs: 4 total, 4 available
 Memory: 3971M
 Large Page Support: Disabled
 NUMA Support: Disabled
 Compressed Oops: Enabled (32-bit)
 Heap Region Size: 1M
 Heap Min Capacity: 8M
 Heap Initial Capacity: 64M
 Heap Max Capacity: 994M
 Pre-touch: Disabled
 Parallel Workers: 4
 Concurrent Workers: 1
 Concurrent Refinement Workers: 4
 Periodic GC: Disabled

Heap:
 garbage-first heap   total 65536K, used 9216K [0x00000000c1e00000, 0x0000000100000000)
  region size 1024K, 11 young (11264K), 0 survivors (0K)
 Metaspace       used 2823K, committed 3008K, reserved 1056768K
  class space    used 265K, committed 320K, reserved 1048576K

Heap Regions: E=young(eden), S=young(survivor), O=old, HS=humongous(starts), HC=humongous(continues), CS=collection set, F=free, OA=open archive, CA=closed archive, TAMS=top-at-mark-start (previous, next)
|   0|0x00000000c1e00000, 0x00000000c1e00000, 0x00000000c1f00000|  0%| F|  |TAMS 0x00000000c1e00000, 0x00000000c1e00000| Untracked 
|   1|0x00000000c1f00000, 0x00000000c1f00000, 0x00000000c2000000|  0%| F|  |TAMS 0x00000000c1f00000, 0x00000000c1f00000| Untracked 
|   2|0x00000000c2000000, 0x00000000c2000000, 0x00000000c2100000|  0%| F|  |TAMS 0x00000000c2000000, 0x00000000c2000000| Untracked 
|   3|0x00000000c2100000, 0x00000000c2100000, 0x00000000c2200000|  0%| F|  |TAMS 0x00000000c2100000, 0x00000000c2100000| Untracked 
|   4|0x00000000c2200000, 0x00000000c2200000, 0x00000000c2300000|  0%| F|  |TAMS 0x00000000c2200000, 0x00000000c2200000| Untracked 
|   5|0x00000000c2300000, 0x00000000c2300000, 0x00000000c2400000|  0%| F|  |TAMS 0x00000000c2300000, 0x00000000c2300000| Untracked 
|   6|0x00000000c2400000, 0x00000000c2400000, 0x00000000c2500000|  0%| F|  |TAMS 0x00000000c2400000, 0x00000000c2400000| Untracked 
|   7|0x00000000c2500000, 0x00000000c2500000, 0x00000000c2600000|  0%| F|  |TAMS 0x00000000c2500000, 0x00000000c2500000| Untracked 
|   8|0x00000000c2600000, 0x00000000c2600000, 0x00000000c2700000|  0%| F|  |TAMS 0x00000000c2600000, 0x00000000c2600000| Untracked 
|   9|0x00000000c2700000, 0x00000000c2700000, 0x00000000c2800000|  0%| F|  |TAMS 0x00000000c2700000, 0x00000000c2700000| Untracked 
|  10|0x00000000c2800000, 0x00000000c2800000, 0x00000000c2900000|  0%| F|  |TAMS 0x00000000c2800000, 0x00000000c2800000| Untracked 
|  11|0x00000000c2900000, 0x00000000c2900000, 0x00000000c2a00000|  0%| F|  |TAMS 0x00000000c2900000, 0x00000000c2900000| Untracked 
|  12|0x00000000c2a00000, 0x00000000c2a00000, 0x00000000c2b00000|  0%| F|  |TAMS 0x00000000c2a00000, 0x00000000c2a00000| Untracked 
|  13|0x00000000c2b00000, 0x00000000c2b00000, 0x00000000c2c00000|  0%| F|  |TAMS 0x00000000c2b00000, 0x00000000c2b00000| Untracked 
|  14|0x00000000c2c00000, 0x00000000c2c00000, 0x00000000c2d00000|  0%| F|  |TAMS 0x00000000c2c00000, 0x00000000c2c00000| Untracked 
|  15|0x00000000c2d00000, 0x00000000c2d00000, 0x00000000c2e00000|  0%| F|  |TAMS 0x00000000c2d00000, 0x00000000c2d00000| Untracked 
|  16|0x00000000c2e00000, 0x00000000c2e00000, 0x00000000c2f00000|  0%| F|  |TAMS 0x00000000c2e00000, 0x00000000c2e00000| Untracked 
|  17|0x00000000c2f00000, 0x00000000c2f00000, 0x00000000c3000000|  0%| F|  |TAMS 0x00000000c2f00000, 0x00000000c2f00000| Untracked 
|  18|0x00000000c3000000, 0x00000000c3000000, 0x00000000c3100000|  0%| F|  |TAMS 0x00000000c3000000, 0x00000000c3000000| Untracked 
|  19|0x00000000c3100000, 0x00000000c3100000, 0x00000000c3200000|  0%| F|  |TAMS 0x00000000c3100000, 0x00000000c3100000| Untracked 
|  20|0x00000000c3200000, 0x00000000c3200000, 0x00000000c3300000|  0%| F|  |TAMS 0x00000000c3200000, 0x00000000c3200000| Untracked 
|  21|0x00000000c3300000, 0x00000000c3300000, 0x00000000c3400000|  0%| F|  |TAMS 0x00000000c3300000, 0x00000000c3300000| Untracked 
|  22|0x00000000c3400000, 0x00000000c3400000, 0x00000000c3500000|  0%| F|  |TAMS 0x00000000c3400000, 0x00000000c3400000| Untracked 
|  23|0x00000000c3500000, 0x00000000c3500000, 0x00000000c3600000|  0%| F|  |TAMS 0x00000000c3500000, 0x00000000c3500000| Untracked 
|  24|0x00000000c3600000, 0x00000000c3600000, 0x00000000c3700000|  0%| F|  |TAMS 0x00000000c3600000, 0x00000000c3600000| Untracked 
|  25|0x00000000c3700000, 0x00000000c3700000, 0x00000000c3800000|  0%| F|  |TAMS 0x00000000c3700000, 0x00000000c3700000| Untracked 
|  26|0x00000000c3800000, 0x00000000c3800000, 0x00000000c3900000|  0%| F|  |TAMS 0x00000000c3800000, 0x00000000c3800000| Untracked 
|  27|0x00000000c3900000, 0x00000000c3900000, 0x00000000c3a00000|  0%| F|  |TAMS 0x00000000c3900000, 0x00000000c3900000| Untracked 
|  28|0x00000000c3a00000, 0x00000000c3a00000, 0x00000000c3b00000|  0%| F|  |TAMS 0x00000000c3a00000, 0x00000000c3a00000| Untracked 
|  29|0x00000000c3b00000, 0x00000000c3b00000, 0x00000000c3c00000|  0%| F|  |TAMS 0x00000000c3b00000, 0x00000000c3b00000| Untracked 
|  30|0x00000000c3c00000, 0x00000000c3c00000, 0x00000000c3d00000|  0%| F|  |TAMS 0x00000000c3c00000, 0x00000000c3c00000| Untracked 
|  31|0x00000000c3d00000, 0x00000000c3d00000, 0x00000000c3e00000|  0%| F|  |TAMS 0x00000000c3d00000, 0x00000000c3d00000| Untracked 
|  32|0x00000000c3e00000, 0x00000000c3e00000, 0x00000000c3f00000|  0%| F|  |TAMS 0x00000000c3e00000, 0x00000000c3e00000| Untracked 
|  33|0x00000000c3f00000, 0x00000000c3f00000, 0x00000000c4000000|  0%| F|  |TAMS 0x00000000c3f00000, 0x00000000c3f00000| Untracked 
|  34|0x00000000c4000000, 0x00000000c4000000, 0x00000000c4100000|  0%| F|  |TAMS 0x00000000c4000000, 0x00000000c4000000| Untracked 
|  35|0x00000000c4100000, 0x00000000c4100000, 0x00000000c4200000|  0%| F|  |TAMS 0x00000000c4100000, 0x00000000c4100000| Untracked 
|  36|0x00000000c4200000, 0x00000000c4200000, 0x00000000c4300000|  0%| F|  |TAMS 0x00000000c4200000, 0x00000000c4200000| Untracked 
|  37|0x00000000c4300000, 0x00000000c4300000, 0x00000000c4400000|  0%| F|  |TAMS 0x00000000c4300000, 0x00000000c4300000| Untracked 
|  38|0x00000000c4400000, 0x00000000c4400000, 0x00000000c4500000|  0%| F|  |TAMS 0x00000000c4400000, 0x00000000c4400000| Untracked 
|  39|0x00000000c4500000, 0x00000000c4500000, 0x00000000c4600000|  0%| F|  |TAMS 0x00000000c4500000, 0x00000000c4500000| Untracked 
|  40|0x00000000c4600000, 0x00000000c4600000, 0x00000000c4700000|  0%| F|  |TAMS 0x00000000c4600000, 0x00000000c4600000| Untracked 
|  41|0x00000000c4700000, 0x00000000c4700000, 0x00000000c4800000|  0%| F|  |TAMS 0x00000000c4700000, 0x00000000c4700000| Untracked 
|  42|0x00000000c4800000, 0x00000000c4800000, 0x00000000c4900000|  0%| F|  |TAMS 0x00000000c4800000, 0x00000000c4800000| Untracked 
|  43|0x00000000c4900000, 0x00000000c4900000, 0x00000000c4a00000|  0%| F|  |TAMS 0x00000000c4900000, 0x00000000c4900000| Untracked 
|  44|0x00000000c4a00000, 0x00000000c4a00000, 0x00000000c4b00000|  0%| F|  |TAMS 0x00000000c4a00000, 0x00000000c4a00000| Untracked 
|  45|0x00000000c4b00000, 0x00000000c4b00000, 0x00000000c4c00000|  0%| F|  |TAMS 0x00000000c4b00000, 0x00000000c4b00000| Untracked 
|  46|0x00000000c4c00000, 0x00000000c4c00000, 0x00000000c4d00000|  0%| F|  |TAMS 0x00000000c4c00000, 0x00000000c4c00000| Untracked 
|  47|0x00000000c4d00000, 0x00000000c4d00000, 0x00000000c4e00000|  0%| F|  |TAMS 0x00000000c4d00000, 0x00000000c4d00000| Untracked 
|  48|0x00000000c4e00000, 0x00000000c4e00000, 0x00000000c4f00000|  0%| F|  |TAMS 0x00000000c4e00000, 0x00000000c4e00000| Untracked 
|  49|0x00000000c4f00000, 0x00000000c4f00000, 0x00000000c5000000|  0%| F|  |TAMS 0x00000000c4f00000, 0x00000000c4f00000| Untracked 
|  50|0x00000000c5000000, 0x00000000c5000000, 0x00000000c5100000|  0%| F|  |TAMS 0x00000000c5000000, 0x00000000c5000000| Untracked 
|  51|0x00000000c5100000, 0x00000000c5100000, 0x00000000c5200000|  0%| F|  |TAMS 0x00000000c5100000, 0x00000000c5100000| Untracked 
|  52|0x00000000c5200000, 0x00000000c5200000, 0x00000000c5300000|  0%| F|  |TAMS 0x00000000c5200000, 0x00000000c5200000| Untracked 
|  53|0x00000000c5300000, 0x00000000c53cbad0, 0x00000000c5400000| 79%| E|  |TAMS 0x00000000c5300000, 0x00000000c5300000| Complete 
|  54|0x00000000c5400000, 0x00000000c5500000, 0x00000000c5500000|100%| E|CS|TAMS 0x00000000c5400000, 0x00000000c5400000| Complete 
|  55|0x00000000c5500000, 0x00000000c5600000, 0x00000000c5600000|100%| E|CS|TAMS 0x00000000c5500000, 0x00000000c5500000| Complete 
|  56|0x00000000c5600000, 0x00000000c5700000, 0x00000000c5700000|100%| E|CS|TAMS 0x00000000c5600000, 0x00000000c5600000| Complete 
|  57|0x00000000c5700000, 0x00000000c5800000, 0x00000000c5800000|100%| E|CS|TAMS 0x00000000c5700000, 0x00000000c5700000| Complete 
|  58|0x00000000c5800000, 0x00000000c5900000, 0x00000000c5900000|100%| E|  |TAMS 0x00000000c5800000, 0x00000000c5800000| Complete 
|  59|0x00000000c5900000, 0x00000000c5a00000, 0x00000000c5a00000|100%| E|CS|TAMS 0x00000000c5900000, 0x00000000c5900000| Complete 
|  60|0x00000000c5a00000, 0x00000000c5b00000, 0x00000000c5b00000|100%| E|CS|TAMS 0x00000000c5a00000, 0x00000000c5a00000| Complete 
|  61|0x00000000c5b00000, 0x00000000c5c00000, 0x00000000c5c00000|100%| E|CS|TAMS 0x00000000c5b00000, 0x00000000c5b00000| Complete 
|  62|0x00000000c5c00000, 0x00000000c5d00000, 0x00000000c5d00000|100%| E|CS|TAMS 0x00000000c5c00000, 0x00000000c5c00000| Complete 
|  63|0x00000000c5d00000, 0x00000000c5e00000, 0x00000000c5e00000|100%| E|CS|TAMS 0x00000000c5d00000, 0x00000000c5d00000| Complete 

Card table byte_map: [0x00000235ff7b0000,0x00000235ff9b0000] _byte_map_base: 0x00000235ff1a1000

Marking Bits (Prev, Next): (CMBitMap*) 0x00000235f7e5e340, (CMBitMap*) 0x00000235f7e5e380
 Prev Bits: [0x000002358f000000, 0x000002358ff88000)
 Next Bits: [0x000002358ff90000, 0x0000023590f18000)

Polling page: 0x00000235f5d80000

Metaspace:

Usage:
  Non-class:      2.50 MB used.
      Class:    267.25 KB used.
       Both:      2.76 MB used.

Virtual space:
  Non-class space:        8.00 MB reserved,       2.62 MB ( 33%) committed,  1 nodes.
      Class space:        1.00 GB reserved,     320.00 KB ( <1%) committed,  1 nodes.
              Both:        1.01 GB reserved,       2.94 MB ( <1%) committed. 

Chunk freelists:
   Non-Class:  2.67 MB
       Class:  3.56 MB
        Both:  6.24 MB

MaxMetaspaceSize: 17179869184.00 GB
CompressedClassSpaceSize: 1.00 GB
 - commit_granule_bytes: 65536.
 - commit_granule_words: 8192.
 - virtual_space_node_default_size: 1048576.
 - enlarge_chunks_in_place: 1.
 - new_chunks_are_fully_committed: 0.
 - uncommit_free_chunks: 1.
 - use_allocation_guard: 0.
 - handle_deallocations: 1.


Internal statistics:

num_allocs_failed_limit: 0.
num_arena_births: 14.
num_arena_deaths: 0.
num_vsnodes_births: 2.
num_vsnodes_deaths: 0.
num_space_committed: 47.
num_space_uncommitted: 0.
num_chunks_returned_to_freelist: 0.
num_chunks_taken_from_freelist: 86.
num_chunk_merges: 0.
num_chunk_splits: 60.
num_chunks_enlarged: 49.
num_purges: 0.

CodeHeap 'non-profiled nmethods': size=120000Kb used=184Kb max_used=184Kb free=119815Kb
 bounds [0x0000023587ad0000, 0x0000023587d40000, 0x000002358f000000]
CodeHeap 'profiled nmethods': size=120000Kb used=1281Kb max_used=1281Kb free=118719Kb
 bounds [0x00000235805a0000, 0x0000023580810000, 0x0000023587ad0000]
CodeHeap 'non-nmethods': size=5760Kb used=1154Kb max_used=1163Kb free=4605Kb
 bounds [0x0000023580000000, 0x0000023580270000, 0x00000235805a0000]
 total_blobs=1132 nmethods=693 adapters=352
 compilation: enabled
              stopped_count=0, restarted_count=0
 full_count=0

Compilation events (20 events):
Event: 0.711 Thread 0x000002359304b330 nmethod 669 0x00000235806cd790 code [0x00000235806cd960, 0x00000235806cdbe8]
Event: 0.711 Thread 0x000002359304b330  670       3       java.nio.DirectByteBuffer::<init> (56 bytes)
Event: 0.712 Thread 0x000002359304b330 nmethod 670 0x00000235806cdd10 code [0x00000235806cdee0, 0x00000235806ce318]
Event: 0.712 Thread 0x000002359304b330  672   !   3       jdk.internal.jimage.BasicImageReader::slice (32 bytes)
Event: 0.712 Thread 0x000002359304b330 nmethod 672 0x00000235806ce490 code [0x00000235806ce660, 0x00000235806cea88]
Event: 0.712 Thread 0x000002359304b330  673       3       java.nio.MappedByteBuffer::limit (6 bytes)
Event: 0.713 Thread 0x000002359304b330 nmethod 673 0x00000235806cec10 code [0x00000235806cedc0, 0x00000235806cefc8]
Event: 0.713 Thread 0x000002359304b330  674       3       java.nio.MappedByteBuffer::position (6 bytes)
Event: 0.713 Thread 0x000002359304b330 nmethod 674 0x00000235806cf110 code [0x00000235806cf2c0, 0x00000235806cf4c8]
Event: 0.713 Thread 0x000002359304b330  675       3       java.nio.DirectByteBufferR::<init> (21 bytes)
Event: 0.713 Thread 0x000002359304b330 nmethod 675 0x00000235806cf610 code [0x00000235806cf7c0, 0x00000235806cf928]
Event: 0.713 Thread 0x000002359304b330  676       3       java.nio.DirectByteBufferR::slice (66 bytes)
Event: 0.714 Thread 0x000002359304b330 nmethod 676 0x00000235806cfa10 code [0x00000235806cfbc0, 0x00000235806cfe28]
Event: 0.714 Thread 0x000002359304b330  671       3       jdk.internal.jimage.ImageStringsReader::get (9 bytes)
Event: 0.714 Thread 0x000002359304b330 nmethod 671 0x00000235806cff10 code [0x00000235806d00c0, 0x00000235806d0288]
Event: 0.716 Thread 0x000002359304b330  677       3       java.security.CodeSource::<init> (52 bytes)
Event: 0.716 Thread 0x000002359304b330 nmethod 677 0x00000235806d0390 code [0x00000235806d0580, 0x00000235806d0ab8]
Event: 0.716 Thread 0x000002359304b330  678       3       java.security.SecureClassLoader::getProtectionDomain (38 bytes)
Event: 0.717 Thread 0x000002359304b330 nmethod 678 0x00000235806d0c10 code [0x00000235806d0e00, 0x00000235806d14a8]
Event: 0.717 Thread 0x000002359304b330  679       3       java.security.SecureClassLoader$CodeSourceKey::<init> (10 bytes)

GC Heap History (0 events):
No events

Deoptimization events (20 events):
Event: 0.305 Thread 0x00000235f5d1e400 Uncommon trap: trap_request=0xffffff45 fr.pc=0x0000023587adb904 relative=0x0000000000000064
Event: 0.305 Thread 0x00000235f5d1e400 Uncommon trap: reason=unstable_if action=reinterpret pc=0x0000023587adb904 method=java.io.WinNTFileSystem.isSlash(C)Z @ 9 c2
Event: 0.305 Thread 0x00000235f5d1e400 DEOPT PACKING pc=0x0000023587adb904 sp=0x0000009f66afe000
Event: 0.305 Thread 0x00000235f5d1e400 DEOPT UNPACKING pc=0x000002358004d72e sp=0x0000009f66afdf88 mode 2
Event: 0.611 Thread 0x00000235f5d1e400 Uncommon trap: trap_request=0xffffff45 fr.pc=0x0000023587ad7e48 relative=0x0000000000000408
Event: 0.611 Thread 0x00000235f5d1e400 Uncommon trap: reason=unstable_if action=reinterpret pc=0x0000023587ad7e48 method=java.lang.StringLatin1.canEncode(I)Z @ 4 c2
Event: 0.611 Thread 0x00000235f5d1e400 DEOPT PACKING pc=0x0000023587ad7e48 sp=0x0000009f66afd7e0
Event: 0.612 Thread 0x00000235f5d1e400 DEOPT UNPACKING pc=0x000002358004d72e sp=0x0000009f66afd708 mode 2
Event: 0.612 Thread 0x00000235f5d1e400 Uncommon trap: trap_request=0xffffff45 fr.pc=0x0000023587ad8c2c relative=0x00000000000003ec
Event: 0.612 Thread 0x00000235f5d1e400 Uncommon trap: reason=unstable_if action=reinterpret pc=0x0000023587ad8c2c method=java.lang.AbstractStringBuilder.isLatin1()Z @ 10 c2
Event: 0.612 Thread 0x00000235f5d1e400 DEOPT PACKING pc=0x0000023587ad8c2c sp=0x0000009f66afd7f0
Event: 0.612 Thread 0x00000235f5d1e400 DEOPT UNPACKING pc=0x000002358004d72e sp=0x0000009f66afd770 mode 2
Event: 0.612 Thread 0x00000235f5d1e400 Uncommon trap: trap_request=0xffffff45 fr.pc=0x0000023587ad91fc relative=0x000000000000005c
Event: 0.612 Thread 0x00000235f5d1e400 Uncommon trap: reason=unstable_if action=reinterpret pc=0x0000023587ad91fc method=java.lang.AbstractStringBuilder.isLatin1()Z @ 10 c2
Event: 0.612 Thread 0x00000235f5d1e400 DEOPT PACKING pc=0x0000023587ad91fc sp=0x0000009f66afd7d0
Event: 0.612 Thread 0x00000235f5d1e400 DEOPT UNPACKING pc=0x000002358004d72e sp=0x0000009f66afd760 mode 2
Event: 0.621 Thread 0x00000235f5d1e400 Uncommon trap: trap_request=0xffffff45 fr.pc=0x0000023587ad73b8 relative=0x0000000000000038
Event: 0.621 Thread 0x00000235f5d1e400 Uncommon trap: reason=unstable_if action=reinterpret pc=0x0000023587ad73b8 method=java.lang.StringLatin1.canEncode(I)Z @ 4 c2
Event: 0.621 Thread 0x00000235f5d1e400 DEOPT PACKING pc=0x0000023587ad73b8 sp=0x0000009f66afd770
Event: 0.621 Thread 0x00000235f5d1e400 DEOPT UNPACKING pc=0x000002358004d72e sp=0x0000009f66afd700 mode 2

Classes unloaded (0 events):
No events

Classes redefined (0 events):
No events

Internal exceptions (1 events):
Event: 0.707 Thread 0x00000235f5d1e400 Exception <a 'java/lang/NoSuchMethodError'{0x00000000c54c2188}: 'void java.lang.invoke.DirectMethodHandle$Holder.invokeSpecial(java.lang.Object, java.lang.Object, java.lang.Object)'> (0x00000000c54c2188) 
thrown [t:\workspace\open\src\hotspot\share\interpreter\linkResolver.cpp, line 790]

Events (20 events):
Event: 0.560 loading class sun/util/calendar/ZoneInfoFile$Checksum
Event: 0.561 loading class java/util/zip/CRC32
Event: 0.561 loading class java/util/zip/Checksum
Event: 0.561 loading class java/util/zip/Checksum done
Event: 0.561 loading class java/util/zip/CRC32 done
Event: 0.561 loading class sun/util/calendar/ZoneInfoFile$Checksum done
Event: 0.561 loading class java/util/zip/Checksum$1
Event: 0.561 loading class java/util/zip/Checksum$1 done
Event: 0.564 loading class jdk/internal/module/ModulePatcher$PatchedModuleReader
Event: 0.564 loading class jdk/internal/module/ModulePatcher$PatchedModuleReader done
Event: 0.564 loading class sun/net/www/protocol/jrt/Handler
Event: 0.564 loading class sun/net/www/protocol/jrt/Handler done
Event: 0.609 loading class sun/text/resources/cldr/FormatData_en
Event: 0.610 loading class sun/text/resources/cldr/FormatData_en done
Event: 0.610 loading class sun/text/resources/cldr/FormatData_en_US
Event: 0.610 loading class sun/text/resources/cldr/FormatData_en_US done
Event: 0.671 loading class java/lang/ArrayIndexOutOfBoundsException
Event: 0.671 loading class java/lang/ArrayIndexOutOfBoundsException done
Event: 0.678 loading class java/io/FilterReader
Event: 0.678 loading class java/io/FilterReader done


Dynamic libraries:
0x00007ff6b4880000 - 0x00007ff6b4890000 	C:\Program Files\Java\jdk-16.0.1\bin\java.exe
0x00007fff9ed50000 - 0x00007fff9ef48000 	C:\Windows\SYSTEM32\ntdll.dll
0x00007fff9d6d0000 - 0x00007fff9d78d000 	C:\Windows\System32\KERNEL32.DLL
0x00007fff9c600000 - 0x00007fff9c8ce000 	C:\Windows\System32\KERNELBASE.dll
0x00007fff9cba0000 - 0x00007fff9cca0000 	C:\Windows\System32\ucrtbase.dll
0x00007fff96620000 - 0x00007fff96639000 	C:\Program Files\Java\jdk-16.0.1\bin\VCRUNTIME140.dll
0x00007fff96440000 - 0x00007fff96458000 	C:\Program Files\Java\jdk-16.0.1\bin\jli.dll
0x00007fff9d500000 - 0x00007fff9d5ae000 	C:\Windows\System32\ADVAPI32.dll
0x00007fff9d5b0000 - 0x00007fff9d64e000 	C:\Windows\System32\msvcrt.dll
0x00007fff9e880000 - 0x00007fff9e91c000 	C:\Windows\System32\sechost.dll
0x00007fff9eb70000 - 0x00007fff9ec95000 	C:\Windows\System32\RPCRT4.dll
0x00007fff9d870000 - 0x00007fff9da10000 	C:\Windows\System32\USER32.dll
0x00007fff86250000 - 0x00007fff864ea000 	C:\Windows\WinSxS\amd64_microsoft.windows.common-controls_6595b64144ccf1df_6.0.19041.1110_none_60b5254171f9507e\COMCTL32.dll
0x00007fff9c5d0000 - 0x00007fff9c5f2000 	C:\Windows\System32\win32u.dll
0x00007fff9ea10000 - 0x00007fff9ea3a000 	C:\Windows\System32\GDI32.dll
0x00007fff9cca0000 - 0x00007fff9cdab000 	C:\Windows\System32\gdi32full.dll
0x00007fff95bf0000 - 0x00007fff95bfa000 	C:\Windows\SYSTEM32\VERSION.dll
0x00007fff9c530000 - 0x00007fff9c5cd000 	C:\Windows\System32\msvcp_win.dll
0x00007fff9dcc0000 - 0x00007fff9dcf0000 	C:\Windows\System32\IMM32.DLL
0x00007fff96610000 - 0x00007fff9661c000 	C:\Program Files\Java\jdk-16.0.1\bin\vcruntime140_1.dll
0x00007fff84c50000 - 0x00007fff84ce1000 	C:\Program Files\Java\jdk-16.0.1\bin\msvcp140.dll
0x00007fff3b620000 - 0x00007fff3c1cb000 	C:\Program Files\Java\jdk-16.0.1\bin\server\jvm.dll
0x00007fff9ed00000 - 0x00007fff9ed08000 	C:\Windows\System32\PSAPI.DLL
0x00007fff86170000 - 0x00007fff86197000 	C:\Windows\SYSTEM32\WINMM.dll
0x00007fff96640000 - 0x00007fff96649000 	C:\Windows\SYSTEM32\WSOCK32.dll
0x00007fff9e9a0000 - 0x00007fff9ea0b000 	C:\Windows\System32\ws2_32.DLL
0x00007fff9a370000 - 0x00007fff9a382000 	C:\Windows\SYSTEM32\kernel.appcore.dll
0x00007fff965f0000 - 0x00007fff965fa000 	C:\Program Files\Java\jdk-16.0.1\bin\jimage.dll
0x00007fff93c70000 - 0x00007fff93e54000 	C:\Windows\SYSTEM32\DBGHELP.DLL
0x00007fff93bc0000 - 0x00007fff93bec000 	C:\Windows\SYSTEM32\dbgcore.DLL
0x00007fff9cb10000 - 0x00007fff9cb92000 	C:\Windows\System32\bcryptPrimitives.dll
0x00007fff962b0000 - 0x00007fff962d5000 	C:\Program Files\Java\jdk-16.0.1\bin\java.dll
0x00007fff9cdb0000 - 0x00007fff9d4f4000 	C:\Windows\System32\SHELL32.dll
0x00007fff9a570000 - 0x00007fff9ad04000 	C:\Windows\SYSTEM32\windows.storage.dll
0x00007fff9dcf0000 - 0x00007fff9e044000 	C:\Windows\System32\combase.dll
0x00007fff9bed0000 - 0x00007fff9bf00000 	C:\Windows\SYSTEM32\Wldp.dll
0x00007fff9ea40000 - 0x00007fff9eaed000 	C:\Windows\System32\SHCORE.dll
0x00007fff9eca0000 - 0x00007fff9ecf5000 	C:\Windows\System32\shlwapi.dll
0x00007fff9c3b0000 - 0x00007fff9c3cf000 	C:\Windows\SYSTEM32\profapi.dll
0x00007fff96460000 - 0x00007fff96479000 	C:\Program Files\Java\jdk-16.0.1\bin\net.dll
0x00007fff92ce0000 - 0x00007fff92dea000 	C:\Windows\SYSTEM32\WINHTTP.dll
0x00007fff9bc30000 - 0x00007fff9bc9a000 	C:\Windows\system32\mswsock.dll
0x00007fff95e50000 - 0x00007fff95e63000 	C:\Program Files\Java\jdk-16.0.1\bin\nio.dll
0x00007fff95e00000 - 0x00007fff95e18000 	C:\Program Files\Java\jdk-16.0.1\bin\zip.dll
0x00007fff96010000 - 0x00007fff96020000 	C:\Program Files\Java\jdk-16.0.1\bin\verify.dll
0x00007fff96430000 - 0x00007fff9643a000 	C:\Program Files\NetBeans-12.5\netbeans\java\maven\lib\jansi-native\windows64\jansi.dll

dbghelp: loaded successfully - version: 4.0.5 - missing functions: none
symbol engine: initialized successfully - sym options: 0x614 - pdb path: .;C:\Program Files\Java\jdk-16.0.1\bin;C:\Windows\SYSTEM32;C:\Windows\WinSxS\amd64_microsoft.windows.common-controls_6595b64144ccf1df_6.0.19041.1110_none_60b5254171f9507e;C:\Program Files\Java\jdk-16.0.1\bin\server;C:\Program Files\NetBeans-12.5\netbeans\java\maven\lib\jansi-native\windows64

VM Arguments:
jvm_args: -Dclassworlds.conf=C:\Program Files\NetBeans-12.5\netbeans\java\maven\bin\..\bin\m2.conf -Dmaven.home=C:\Program Files\NetBeans-12.5\netbeans\java\maven\bin\.. -Dlibrary.jansi.path=C:\Program Files\NetBeans-12.5\netbeans\java\maven\bin\..\lib\jansi-native -Dmaven.multiModuleProjectDirectory=D:\julio\OneDrive\Documentos\NetBeansProjects\TrabalhoSistemadeCadastroUniversidade 
java_command: org.codehaus.plexus.classworlds.launcher.Launcher -Dexec.vmArgs= -Dexec.args=${exec.vmArgs} -classpath %classpath ${exec.mainClass} ${exec.appArgs} -Dexec.executable=C:\Program Files\Java\jdk-16.0.1\bin\java.exe -Dexec.mainClass=PrincipalSistema -Dexec.classpathScope=runtime -Dexec.appArgs= -Dmaven.ext.class.path=C:\Program Files\NetBeans-12.5\netbeans\java\maven-nblib\netbeans-eventspy.jar -Dfile.encoding=UTF-8 org.codehaus.mojo:exec-maven-plugin:3.0.0:exec
java_class_path (initial): C:\Program Files\NetBeans-12.5\netbeans\java\maven\bin\..\boot\plexus-classworlds-2.6.0.jar
Launcher Type: SUN_STANDARD

[Global flags]
     intx CICompilerCount                          = 3                                         {product} {ergonomic}
     uint ConcGCThreads                            = 1                                         {product} {ergonomic}
     uint G1ConcRefinementThreads                  = 4                                         {product} {ergonomic}
   size_t G1HeapRegionSize                         = 1048576                                   {product} {ergonomic}
    uintx GCDrainStackTargetSize                   = 64                                        {product} {ergonomic}
   size_t InitialHeapSize                          = 67108864                                  {product} {ergonomic}
   size_t MarkStackSize                            = 4194304                                   {product} {ergonomic}
   size_t MaxHeapSize                              = 1042284544                                {product} {ergonomic}
   size_t MaxNewSize                               = 624951296                                 {product} {ergonomic}
   size_t MinHeapDeltaBytes                        = 1048576                                   {product} {ergonomic}
   size_t MinHeapSize                              = 8388608                                   {product} {ergonomic}
    uintx NonNMethodCodeHeapSize                   = 5832780                                {pd product} {ergonomic}
    uintx NonProfiledCodeHeapSize                  = 122912730                              {pd product} {ergonomic}
    uintx ProfiledCodeHeapSize                     = 122912730                              {pd product} {ergonomic}
    uintx ReservedCodeCacheSize                    = 251658240                              {pd product} {ergonomic}
     bool SegmentedCodeCache                       = true                                      {product} {ergonomic}
   size_t SoftMaxHeapSize                          = 1042284544                             {manageable} {ergonomic}
     bool UseCompressedClassPointers               = true                           {product lp64_product} {ergonomic}
     bool UseCompressedOops                        = true                           {product lp64_product} {ergonomic}
     bool UseG1GC                                  = true                                      {product} {ergonomic}
     bool UseLargePagesIndividualAllocation        = false                                  {pd product} {ergonomic}

Logging:
Log output configuration:
 #0: stdout all=warning uptime,level,tags
 #1: stderr all=off uptime,level,tags

Environment Variables:
JAVA_HOME=C:\Program Files\Java\jdk-16.0.1
PATH=C:\ProgramData\Oracle\Java\javapath;C:\Program Files\Common Files\Oracle\Java\javapath;C:\Program Files (x86)\Common Files\Oracle\Java\javapath;C:\Windows\system32;C:\Windows;C:\Windows\System32\Wbem;C:\Windows\System32\WindowsPowerShell\v1.0\;C:\Windows\System32\OpenSSH\;C:\Users\julio\AppData\Local\Microsoft\WindowsApps;;C:\Users\julio\AppData\Local\Programs\Microsoft VS Code\bin
USERNAME=julio
OS=Windows_NT
PROCESSOR_IDENTIFIER=Intel64 Family 6 Model 142 Stepping 9, GenuineIntel



---------------  S Y S T E M  ---------------

OS:
 Windows 10 , 64 bit Build 19041 (10.0.19041.1806)
OS uptime: 23 days 11:32 hours

CPU: total 4 (initial active 4) (2 cores per cpu, 2 threads per core) family 6 model 142 stepping 9 microcode 0xb4, cx8, cmov, fxsr, ht, mmx, 3dnowpref, sse, sse2, sse3, ssse3, sse4.1, sse4.2, popcnt, lzcnt, tsc, tscinvbit, avx, avx2, aes, erms, clmul, bmi1, bmi2, adx, fma, vzeroupper, clflush, clflushopt

Memory: 4k page, system-wide physical 3971M (324M free)
TotalPageFile size 16259M (AvailPageFile size 3M)
current process WorkingSet (physical memory assigned to process): 53M, peak: 53M
current process commit charge ("private bytes"): 145M, peak: 145M

vm_info: Java HotSpot(TM) 64-Bit Server VM (16.0.1+9-24) for windows-amd64 JRE (16.0.1+9-24), built on Mar 26 2021 19:31:42 by "mach5one" with MS VC++ 16.7 (VS2019)

END.
